[2020-07-26 18:13:07.487] [sharedprocess] [info] main {"machineId":"6ee722b41bdd13939114a03302ea20e085d0bb042c2b1ef500664e7d1b725fe8","windowId":2}
[2020-07-26 18:13:07.539] [sharedprocess] [error] [File Watcher (node.js)] Error: ENOENT: no such file or directory, stat '/home/dylan/.config/Code/User/snippets'
[2020-07-26 18:13:47.511] [sharedprocess] [info] Starting to clean up unused language packs.
[2020-07-26 18:15:07.023] [sharedprocess] [info] Installing extension: ms-vscode.cpptools
[2020-07-26 18:15:08.942] [sharedprocess] [info] Downloaded extension: ms-vscode.cpptools /home/dylan/.config/Code/CachedExtensionVSIXs/ms-vscode.cpptools-0.29.0
[2020-07-26 18:15:09.436] [sharedprocess] [info] Extracted extension to /home/dylan/.vscode/extensions/.ms-vscode.cpptools-0.29.0: ms-vscode.cpptools
[2020-07-26 18:15:09.436] [sharedprocess] [info] Renamed to /home/dylan/.vscode/extensions/ms-vscode.cpptools-0.29.0
[2020-07-26 18:15:09.441] [sharedprocess] [info] Installation completed. ms-vscode.cpptools
[2020-07-26 18:15:09.452] [sharedprocess] [info] Extensions installed successfully: ms-vscode.cpptools
[2020-07-26 18:15:16.749] [sharedprocess] [info] Installing extension: danielpinto8zz6.c-cpp-compile-run
[2020-07-26 18:15:17.085] [sharedprocess] [info] Downloaded extension: danielpinto8zz6.c-cpp-compile-run /home/dylan/.config/Code/CachedExtensionVSIXs/danielpinto8zz6.c-cpp-compile-run-1.0.11
[2020-07-26 18:15:17.267] [sharedprocess] [info] Extracted extension to /home/dylan/.vscode/extensions/.danielpinto8zz6.c-cpp-compile-run-1.0.11: danielpinto8zz6.c-cpp-compile-run
[2020-07-26 18:15:17.267] [sharedprocess] [info] Renamed to /home/dylan/.vscode/extensions/danielpinto8zz6.c-cpp-compile-run-1.0.11
[2020-07-26 18:15:17.269] [sharedprocess] [info] Installation completed. danielpinto8zz6.c-cpp-compile-run
[2020-07-26 18:15:17.277] [sharedprocess] [info] Extensions installed successfully: danielpinto8zz6.c-cpp-compile-run
[2020-07-26 18:15:27.208] [sharedprocess] [info] Installing extension: ms-python.python
[2020-07-26 18:15:35.958] [sharedprocess] [info] Installing extension: monokai.theme-monokai-pro-vscode
[2020-07-26 18:15:36.760] [sharedprocess] [info] Downloaded extension: monokai.theme-monokai-pro-vscode /home/dylan/.config/Code/CachedExtensionVSIXs/monokai.theme-monokai-pro-vscode-1.1.17
[2020-07-26 18:15:36.820] [sharedprocess] [info] Extracted extension to /home/dylan/.vscode/extensions/.monokai.theme-monokai-pro-vscode-1.1.17: monokai.theme-monokai-pro-vscode
[2020-07-26 18:15:36.820] [sharedprocess] [info] Renamed to /home/dylan/.vscode/extensions/monokai.theme-monokai-pro-vscode-1.1.17
[2020-07-26 18:15:36.821] [sharedprocess] [info] Installation completed. monokai.theme-monokai-pro-vscode
[2020-07-26 18:15:36.830] [sharedprocess] [info] Extensions installed successfully: monokai.theme-monokai-pro-vscode
[2020-07-26 18:15:46.321] [sharedprocess] [info] Downloaded extension: ms-python.python /home/dylan/.config/Code/CachedExtensionVSIXs/ms-python.python-2020.7.96456
[2020-07-26 18:15:50.686] [sharedprocess] [info] Extracted extension to /home/dylan/.vscode/extensions/.ms-python.python-2020.7.96456: ms-python.python
[2020-07-26 18:15:50.686] [sharedprocess] [info] Renamed to /home/dylan/.vscode/extensions/ms-python.python-2020.7.96456
[2020-07-26 18:15:50.696] [sharedprocess] [info] Installation completed. ms-python.python
[2020-07-26 18:15:50.725] [sharedprocess] [info] Extensions installed successfully: ms-python.python
